<?xml version="1.0" encoding="UTF-8" ?>
<testsuite tests="34" failures="0" name="com.depositsolutions.tests.TestSuiteClass" time="87.146" errors="0" skipped="0">
  <properties>
[...]
</properties>
  <testcase classname="com.depositsolutions.tests.NewUserCreationGenericTests" name="testCaseID_001_VerifyPageHeaderLabelDisplay" time="0.503"/>
  <testcase classname="com.depositsolutions.tests.NewUserCreationGenericTests" name="testCaseID_002_VerifyNameLabelDisplay" time="0.098"/>
  <testcase classname="com.depositsolutions.tests.NewUserCreationGenericTests" name="testCaseID_003_VerifyEmailLabelDisplay" time="0.078"/>
  <testcase classname="com.depositsolutions.tests.NewUserCreationGenericTests" name="testCaseID_004_VerifyPasswordLabelDisplay" time="0.064"/>
  <testcase classname="com.depositsolutions.tests.NewUserCreationGenericTests" name="testCaseID_005_VerifyConfirmPasswordLabelDisplay" time="0.049"/>
  <testcase classname="com.depositsolutions.tests.NewUserCreationGenericTests" name="testCaseID_006_VerifyAllUsersButtonDisplay" time="0.08"/>
  <testcase classname="com.depositsolutions.tests.NewUserCreationGenericTests" name="testCaseID_007_VerifySubmitButtonDisplay" time="0.058"/>
  <testcase classname="com.depositsolutions.tests.NewUserCreationGenericTests" name="testCaseID_008_VerifyNamePlaceholderText" time="0.079"/>
  <testcase classname="com.depositsolutions.tests.NewUserCreationGenericTests" name="testCaseID_009_VerifyEmailPlaceholderText" time="0.066"/>
  <testcase classname="com.depositsolutions.tests.NewUserCreationGenericTests" name="testCaseID_0010_VerifyPasswordPlaceholderText" time="0.087"/>
  <testcase classname="com.depositsolutions.tests.NewUserCreationGenericTests" name="testCaseID_0011_VerifyConfirmPasswordPlaceholderText" time="0.068"/>
  <testcase classname="com.depositsolutions.tests.NewUserCreationGenericTests" name="testCaseID_0012_VerifyCreateUserByEnteringValidCredentials" time="2.999"/>
  <testcase classname="com.depositsolutions.tests.NewUserCreationGenericTests" name="testCaseID_0013_VerifyCreateUserByEnteringENTERButton" time="2.585"/>
  <testcase classname="com.depositsolutions.tests.NewUserCreationGenericTests" name="testCaseID_0014_VerifyCreateUserByAllFieldsBlank" time="1.805"/>
  <testcase classname="com.depositsolutions.tests.NewUserCreationGenericTests" name="testCaseID_0015_VerifyPageRefreshAfterFieldsEntry" time="1.42"/>
  <testcase classname="com.depositsolutions.tests.NewUserCreationEmailFieldTests" name="testCaseID_0016_VerifyCreatingNewUserWithExistingEmail" time="2.29"/>
  <testcase classname="com.depositsolutions.tests.NewUserCreationEmailFieldTests" name="testCaseID_0017_VerifyCreatingNewUserWithMaxEmailLength" time="6.632"/>
  <testcase classname="com.depositsolutions.tests.NewUserCreationEmailFieldTests" name="testCaseID_0018_VerifyCreatingNewUserWithoutAtSymbolInEmail" time="2.178"/>
  <testcase classname="com.depositsolutions.tests.NewUserCreationEmailFieldTests" name="testCaseID_0019_VerifyCreatingNewUserWithoutdotcomInEmail" time="2.346"/>
  <testcase classname="com.depositsolutions.tests.NewUserCreationEmailFieldTests" name="testCaseID_0020_VerifyCreatingNewUserWithoutPrefixInEmail" time="2.132"/>
  <testcase classname="com.depositsolutions.tests.NewUserCreationNameFieldTests" name="testCaseID_0021_VerifyCreatingNewUserWithExistingName" time="2.5"/>
  <testcase classname="com.depositsolutions.tests.NewUserCreationNameFieldTests" name="testCaseID_0022_VerifyCreatingNewUserWithMaxNameLength" time="16.272"/>
  <testcase classname="com.depositsolutions.tests.NewUserCreationNameFieldTests" name="testCaseID_0023_VerifyCreatingNewUserWithBlankName" time="2.49"/>
  <testcase classname="com.depositsolutions.tests.NewUserCreationNameFieldTests" name="testCaseID_0024_VerifyCreatingNewUserWithoutCaseSensitivity" time="3.849"/>
  <testcase classname="com.depositsolutions.tests.NewUserCreationPasswordFieldTests" name="testCaseID_0025_VerifyCreatingNewUserWithBlankPwdFieldAndValidCnfPasswordField" time="1.972"/>
  <testcase classname="com.depositsolutions.tests.NewUserCreationPasswordFieldTests" name="testCaseID_0026_VerifyCreatingNewUserWithValidPwdFieldAndBlankCnfPasswordField" time="2.278"/>
  <testcase classname="com.depositsolutions.tests.NewUserCreationPasswordFieldTests" name="testCaseID_0027_VerifyCreatingNewUserWithValidPwdFieldAndDifferentCnfPasswordField" time="2.554"/>
  <testcase classname="com.depositsolutions.tests.NewUserCreationPasswordFieldTests" name="testCaseID_0028_VerifyCreatingNewUserWithPasswordMaxLength" time="19.645"/>
  <testcase classname="com.depositsolutions.tests.NewUserCreationPasswordFieldTests" name="testCaseID_0029_VerifyCreatingNewUserWithPasswordMinLength" time="2.053"/>
  <testcase classname="com.depositsolutions.tests.NewUserCreationPasswordFieldTests" name="testCaseID_0030_VerifyPasswordEnteredIsEncrypted" time="1.2"/>
  <testcase classname="com.depositsolutions.tests.AllUsersPageTest" name="testCaseID_0031_VerifyAllUserPageHeader" time="1.132"/>
  <testcase classname="com.depositsolutions.tests.AllUsersPageTest" name="testCaseID_0032_VerifyNewUserButtonDisplay" time="1.155"/>
  <testcase classname="com.depositsolutions.tests.AllUsersPageTest" name="testCaseID_0031_VerifyUsersTableSize" time="1.878"/>
  <testcase classname="com.depositsolutions.tests.AllUsersPageTest" name="testCaseID_0032_VerifyUsersCreatedListedAtTheLastRow" time="2.551"/>
</testsuite>